<?xml version="1.0" ?>
<coverage version="6.0.2" timestamp="1648117786443" lines-valid="49" lines-covered="17" line-rate="0.3469" branches-valid="12" branches-covered="0" branch-rate="0" complexity="0">
	<!-- Generated by coverage.py: https://coverage.readthedocs.io -->
	<!-- Based on https://raw.githubusercontent.com/cobertura/web/master/htdocs/xml/coverage-04.dtd -->
	<sources>
		<source>/Users/emmapiittala/ohtu-tehtavat-2022/viikko1/nhl-statistics-1/src</source>
	</sources>
	<packages>
		<package name="." line-rate="0.3469" branch-rate="0" complexity="0">
			<classes>
				<class name="player.py" filename="player.py" complexity="0" line-rate="0.8182" branch-rate="1">
					<methods/>
					<lines>
						<line number="1" hits="1"/>
						<line number="2" hits="1"/>
						<line number="3" hits="1"/>
						<line number="4" hits="1"/>
						<line number="5" hits="1"/>
						<line number="6" hits="1"/>
						<line number="8" hits="1"/>
						<line number="9" hits="1"/>
						<line number="10" hits="0"/>
						<line number="12" hits="1"/>
						<line number="13" hits="0"/>
					</lines>
				</class>
				<class name="player_reader.py" filename="player_reader.py" complexity="0" line-rate="0" branch-rate="0">
					<methods/>
					<lines>
						<line number="1" hits="0"/>
						<line number="2" hits="0"/>
						<line number="3" hits="0"/>
						<line number="5" hits="0"/>
						<line number="6" hits="0"/>
						<line number="7" hits="0"/>
						<line number="9" hits="0"/>
						<line number="10" hits="0"/>
						<line number="11" hits="0"/>
						<line number="13" hits="0" branch="true" condition-coverage="0% (0/2)" missing-branches="14,27"/>
						<line number="14" hits="0"/>
						<line number="15" hits="0"/>
						<line number="17" hits="0" branch="true" condition-coverage="0% (0/2)" missing-branches="13,18"/>
						<line number="18" hits="0"/>
						<line number="25" hits="0"/>
						<line number="27" hits="0"/>
					</lines>
				</class>
				<class name="statistics.py" filename="statistics.py" complexity="0" line-rate="0.3636" branch-rate="0">
					<methods/>
					<lines>
						<line number="4" hits="1"/>
						<line number="5" hits="0"/>
						<line number="8" hits="1"/>
						<line number="9" hits="1"/>
						<line number="10" hits="1"/>
						<line number="12" hits="1"/>
						<line number="14" hits="1"/>
						<line number="15" hits="0" branch="true" condition-coverage="0% (0/2)" missing-branches="16,19"/>
						<line number="16" hits="0" branch="true" condition-coverage="0% (0/2)" missing-branches="15,17"/>
						<line number="17" hits="0"/>
						<line number="19" hits="0"/>
						<line number="21" hits="1"/>
						<line number="22" hits="0" branch="true" condition-coverage="0% (0/2)" missing-branches="exit,27"/>
						<line number="27" hits="0"/>
						<line number="29" hits="1"/>
						<line number="30" hits="0"/>
						<line number="36" hits="0"/>
						<line number="37" hits="0"/>
						<line number="38" hits="0" branch="true" condition-coverage="0% (0/2)" missing-branches="39,45"/>
						<line number="39" hits="0"/>
						<line number="40" hits="0"/>
						<line number="45" hits="0"/>
					</lines>
				</class>
			</classes>
		</package>
	</packages>
</coverage>
